<?xml version="1.0" encoding="UTF-8"?>
<!-- Generated by org.testng.reporters.JUnitXMLReporter -->
<testsuite hostname="DESKTOP-PVA0E67" name="Craigslist-Chrome" tests="3" failures="0" timestamp="27 Jan 2016 03:49:34 GMT" time="30.478" errors="0">
  <testcase name="testCraigslist" time="14.652" classname="com.sqa.jf.auto.CraigslistTest"/>
  <testcase name="testCraigslist" time="2.367" classname="com.sqa.jf.auto.CraigslistTest"/>
  <testcase name="testCraigslist" time="1.583" classname="com.sqa.jf.auto.CraigslistTest"/>
</testsuite> <!-- Craigslist-Chrome -->
